# JRE version: OpenJDK Runtime Environment Temurin-21.0.7+6 (21.0.7+6) (build 21.0.7+6-LTS)
# Java VM: OpenJDK 64-Bit Server VM Temurin-21.0.7+6 (21.0.7+6-LTS, mixed mode, sharing, tiered, compressed oops, compressed class ptrs, g1 gc, windows-amd64)
GC Precious Log:
 CardTable entry size: 512
 Card Set container configuration: InlinePtr #cards 5 size 8 Array Of Cards #cards 12 size 40 Howl #buckets 4 coarsen threshold 1843 Howl Bitmap #cards 512 size 80 coarsen threshold 460 Card regions per heap region 1 cards per card region 2048
 CPUs: 4 total, 4 available
 Memory: 6127M
 Large Page Support: Disabled
 NUMA Support: Disabled
 Compressed Oops: Enabled (32-bit)
 Heap Region Size: 1M
 Heap Min Capacity: 8M
 Heap Initial Capacity: 96M
 Heap Max Capacity: 1532M
 Pre-touch: Disabled
 Parallel Workers: 4
 Concurrent Workers: 1
 Concurrent Refinement Workers: 4
 Periodic GC: Disabled
Heap:
 garbage-first heap   total 366592K, used 145567K [0x00000000a0400000, 0x0000000100000000)
  region size 1024K, 26 young (26624K), 1 survivors (1024K)
 Metaspace       used 16926K, committed 17216K, reserved 1114112K
  class space    used 1589K, committed 1728K, reserved 1048576K
GC Heap History (20 events):
Event: 72.219 GC heap before
{Heap before GC invocations=131 (full 1):
 garbage-first heap   total 366592K, used 158953K [0x00000000a0400000, 0x0000000100000000)
  region size 1024K, 3 young (3072K), 1 survivors (1024K)
 Metaspace       used 16836K, committed 17152K, reserved 1114112K
  class space    used 1589K, committed 1728K, reserved 1048576K
}
Event: 72.220 GC heap after
{Heap after GC invocations=132 (full 1):
 garbage-first heap   total 366592K, used 80109K [0x00000000a0400000, 0x0000000100000000)
  region size 1024K, 1 young (1024K), 1 survivors (1024K)
 Metaspace       used 16836K, committed 17152K, reserved 1114112K
  class space    used 1589K, committed 1728K, reserved 1048576K
}
Event: 72.260 GC heap before
{Heap before GC invocations=132 (full 1):
 garbage-first heap   total 366592K, used 158957K [0x00000000a0400000, 0x0000000100000000)
  region size 1024K, 3 young (3072K), 1 survivors (1024K)
 Metaspace       used 16836K, committed 17152K, reserved 1114112K
  class space    used 1589K, committed 1728K, reserved 1048576K
}
Event: 72.261 GC heap after
{Heap after GC invocations=133 (full 1):
 garbage-first heap   total 366592K, used 80109K [0x00000000a0400000, 0x0000000100000000)
  region size 1024K, 1 young (1024K), 1 survivors (1024K)
 Metaspace       used 16836K, committed 17152K, reserved 1114112K
  class space    used 1589K, committed 1728K, reserved 1048576K
}
Event: 72.302 GC heap before
{Heap before GC invocations=133 (full 1):
 garbage-first heap   total 366592K, used 158957K [0x00000000a0400000, 0x0000000100000000)
  region size 1024K, 3 young (3072K), 1 survivors (1024K)
 Metaspace       used 16836K, committed 17152K, reserved 1114112K
  class space    used 1589K, committed 1728K, reserved 1048576K
}
Event: 72.303 GC heap after
{Heap after GC invocations=134 (full 1):
 garbage-first heap   total 366592K, used 80105K [0x00000000a0400000, 0x0000000100000000)
  region size 1024K, 1 young (1024K), 1 survivors (1024K)
 Metaspace       used 16836K, committed 17152K, reserved 1114112K
  class space    used 1589K, committed 1728K, reserved 1048576K
}
Event: 72.343 GC heap before
{Heap before GC invocations=134 (full 1):
 garbage-first heap   total 366592K, used 158953K [0x00000000a0400000, 0x0000000100000000)
  region size 1024K, 3 young (3072K), 1 survivors (1024K)
 Metaspace       used 16836K, committed 17152K, reserved 1114112K
  class space    used 1589K, committed 1728K, reserved 1048576K
}
Event: 72.344 GC heap after
{Heap after GC invocations=135 (full 1):
 garbage-first heap   total 366592K, used 80105K [0x00000000a0400000, 0x0000000100000000)
  region size 1024K, 1 young (1024K), 1 survivors (1024K)
 Metaspace       used 16836K, committed 17152K, reserved 1114112K
  class space    used 1589K, committed 1728K, reserved 1048576K
}
Event: 72.385 GC heap before
{Heap before GC invocations=135 (full 1):
 garbage-first heap   total 366592K, used 158953K [0x00000000a0400000, 0x0000000100000000)
  region size 1024K, 3 young (3072K), 1 survivors (1024K)
 Metaspace       used 16836K, committed 17152K, reserved 1114112K
  class space    used 1589K, committed 1728K, reserved 1048576K
}
Event: 72.386 GC heap after
{Heap after GC invocations=136 (full 1):
 garbage-first heap   total 366592K, used 80105K [0x00000000a0400000, 0x0000000100000000)
  region size 1024K, 1 young (1024K), 1 survivors (1024K)
 Metaspace       used 16836K, committed 17152K, reserved 1114112K
  class space    used 1589K, committed 1728K, reserved 1048576K
}
Event: 72.428 GC heap before
{Heap before GC invocations=136 (full 1):
 garbage-first heap   total 366592K, used 159977K [0x00000000a0400000, 0x0000000100000000)
  region size 1024K, 3 young (3072K), 1 survivors (1024K)
 Metaspace       used 16836K, committed 17152K, reserved 1114112K
  class space    used 1589K, committed 1728K, reserved 1048576K
}
Event: 72.429 GC heap after
{Heap after GC invocations=137 (full 1):
 garbage-first heap   total 366592K, used 81133K [0x00000000a0400000, 0x0000000100000000)
  region size 1024K, 1 young (1024K), 1 survivors (1024K)
 Metaspace       used 16836K, committed 17152K, reserved 1114112K
  class space    used 1589K, committed 1728K, reserved 1048576K
}
Event: 72.472 GC heap before
{Heap before GC invocations=137 (full 1):
 garbage-first heap   total 366592K, used 162029K [0x00000000a0400000, 0x0000000100000000)
  region size 1024K, 3 young (3072K), 1 survivors (1024K)
 Metaspace       used 16836K, committed 17152K, reserved 1114112K
  class space    used 1589K, committed 1728K, reserved 1048576K
}
Event: 72.473 GC heap after
{Heap after GC invocations=138 (full 1):
 garbage-first heap   total 366592K, used 81133K [0x00000000a0400000, 0x0000000100000000)
  region size 1024K, 1 young (1024K), 1 survivors (1024K)
 Metaspace       used 16836K, committed 17152K, reserved 1114112K
  class space    used 1589K, committed 1728K, reserved 1048576K
}
Event: 72.513 GC heap before
{Heap before GC invocations=138 (full 1):
 garbage-first heap   total 366592K, used 162029K [0x00000000a0400000, 0x0000000100000000)
  region size 1024K, 3 young (3072K), 1 survivors (1024K)
 Metaspace       used 16836K, committed 17152K, reserved 1114112K
  class space    used 1589K, committed 1728K, reserved 1048576K
}
Event: 72.514 GC heap after
{Heap after GC invocations=139 (full 1):
 garbage-first heap   total 366592K, used 81133K [0x00000000a0400000, 0x0000000100000000)
  region size 1024K, 1 young (1024K), 1 survivors (1024K)
 Metaspace       used 16836K, committed 17152K, reserved 1114112K
  class space    used 1589K, committed 1728K, reserved 1048576K
}
Event: 72.556 GC heap before
{Heap before GC invocations=139 (full 1):
 garbage-first heap   total 366592K, used 162029K [0x00000000a0400000, 0x0000000100000000)
  region size 1024K, 3 young (3072K), 1 survivors (1024K)
 Metaspace       used 16836K, committed 17152K, reserved 1114112K
  class space    used 1589K, committed 1728K, reserved 1048576K
}
Event: 72.557 GC heap after
{Heap after GC invocations=140 (full 1):
 garbage-first heap   total 366592K, used 81137K [0x00000000a0400000, 0x0000000100000000)
  region size 1024K, 1 young (1024K), 1 survivors (1024K)
 Metaspace       used 16836K, committed 17152K, reserved 1114112K
  class space    used 1589K, committed 1728K, reserved 1048576K
}
Event: 72.596 GC heap before
{Heap before GC invocations=140 (full 1):
 garbage-first heap   total 366592K, used 161009K [0x00000000a0400000, 0x0000000100000000)
  region size 1024K, 3 young (3072K), 1 survivors (1024K)
 Metaspace       used 16836K, committed 17152K, reserved 1114112K
  class space    used 1589K, committed 1728K, reserved 1048576K
}
Event: 72.597 GC heap after
{Heap after GC invocations=141 (full 1):
 garbage-first heap   total 366592K, used 81055K [0x00000000a0400000, 0x0000000100000000)
  region size 1024K, 1 young (1024K), 1 survivors (1024K)
 Metaspace       used 16836K, committed 17152K, reserved 1114112K
  class space    used 1589K, committed 1728K, reserved 1048576K
}

